<?xml version="1.0" encoding="UTF-8"?>
<testng-results ignored="0" total="2" passed="2" failed="0" skipped="0">
  <reporter-output>
  </reporter-output>
  <suite started-at="2019-09-21T16:01:58Z" name="Test Automation TestNG Local Suite" finished-at="2019-09-21T16:03:05Z" duration-ms="67161">
    <groups>
    </groups>
    <test started-at="2019-09-21T16:01:58Z" name="Chrome Test on Local" finished-at="2019-09-21T16:02:24Z" duration-ms="26983">
      <class name="com.gmail.test.Testscript_03">
        <test-method is-config="true" signature="setupBrowser(java.lang.String)[pri:0, instance:com.gmail.test.Testscript_03@20ce78ec]" started-at="2019-09-21T16:01:58Z" name="setupBrowser" finished-at="2019-09-21T16:02:12Z" duration-ms="14529" status="PASS">
          <params>
            <param index="0">
              <value>
                <![CDATA[chrome]]>
              </value>
            </param>
          </params>
          <reporter-output>
          </reporter-output>
        </test-method> <!-- setupBrowser -->
        <test-method signature="Testscript_03()[pri:0, instance:com.gmail.test.Testscript_03@20ce78ec]" started-at="2019-09-21T16:02:12Z" name="Testscript_03" finished-at="2019-09-21T16:02:24Z" duration-ms="12438" status="PASS">
          <reporter-output>
          </reporter-output>
        </test-method> <!-- Testscript_03 -->
        <test-method is-config="true" signature="tearDown()[pri:0, instance:com.gmail.test.Testscript_03@20ce78ec]" started-at="2019-09-21T16:02:24Z" name="tearDown" finished-at="2019-09-21T16:02:24Z" duration-ms="0" status="PASS">
          <reporter-output>
          </reporter-output>
        </test-method> <!-- tearDown -->
      </class> <!-- com.gmail.test.Testscript_03 -->
    </test> <!-- Chrome Test on Local -->
    <test started-at="2019-09-21T16:02:25Z" name="IE Test on Local" finished-at="2019-09-21T16:03:05Z" duration-ms="39303">
      <class name="com.gmail.test.Testscript_03">
        <test-method is-config="true" signature="setupBrowser(java.lang.String)[pri:0, instance:com.gmail.test.Testscript_03@158da8e]" started-at="2019-09-21T16:02:25Z" name="setupBrowser" finished-at="2019-09-21T16:02:34Z" duration-ms="8622" status="PASS">
          <params>
            <param index="0">
              <value>
                <![CDATA[ie]]>
              </value>
            </param>
          </params>
          <reporter-output>
          </reporter-output>
        </test-method> <!-- setupBrowser -->
        <test-method signature="Testscript_03()[pri:0, instance:com.gmail.test.Testscript_03@158da8e]" started-at="2019-09-21T16:02:34Z" name="Testscript_03" finished-at="2019-09-21T16:03:05Z" duration-ms="30681" status="PASS">
          <reporter-output>
          </reporter-output>
        </test-method> <!-- Testscript_03 -->
        <test-method is-config="true" signature="tearDown()[pri:0, instance:com.gmail.test.Testscript_03@158da8e]" started-at="2019-09-21T16:03:05Z" name="tearDown" finished-at="2019-09-21T16:03:05Z" duration-ms="0" status="PASS">
          <reporter-output>
          </reporter-output>
        </test-method> <!-- tearDown -->
      </class> <!-- com.gmail.test.Testscript_03 -->
    </test> <!-- IE Test on Local -->
  </suite> <!-- Test Automation TestNG Local Suite -->
</testng-results>
